 *****************************************************
  VOLUME-YIELD ELASTICITY                 
 
  * version 3
  * simulaneous eveporation-yield in dry season
  * stochastic variable (Qa) generated in the program
                                                      
  RESERVOIR SEDIMENTATION AND WATER AVAILABILITY     
                                                      
  Departamento de Engenharia Hidraulica e Ambiental  
  Universidade Federal do Ceara                      
  Jose Carlos de Araujo, May 2004                    
 *****************************************************
 
 
 Input data 
 ---------------------------------------------------------
 Title: Santo_Anastacio_2002
 ---------------------------------------------------------
 Input file ..................................... sa2002.txt          
 Output file .................................... sa2002.out          
 Mean inflow discharge, hm3/a, ..................     3.20
 Coefficient of variation annual discharge ......     0.80
 Morphological alfa parameter ...................  3937.00
 Evaporation of the dry period, m/a, ............     1.31
 Maximum reservoir storage capacity, hm3, .......     0.27
 Minimum regular operational volume, hm3, .......     0.01
 Initial volume first trial, hm3, ...............     0.14
 Number of yield discharges steps, ..............    20
 Minimum yield discharge, hm3/a, ................     0.01
 Maximum yield discharge, hm3/a, ................     0.11
 Number of simulations in stochastic procedure ..  5000
 ---------------------------------------------------------
 
 Output data 
 ---------------------------------------------------------
 Qr (hm3/a)   G(%)   Qrm(hm3/a)   Qem(hm3/a)   Qsm(hm3/a) 
 ---------------------------------------------------------
    0.010     99.7       0.010       0.184       3.015
    0.015     99.7       0.015       0.182       2.923
    0.020     99.5       0.020       0.180       3.000
    0.025     99.5       0.025       0.179       2.995
    0.030     99.5       0.030       0.177       2.983
    0.035     99.2       0.035       0.175       2.933
    0.040     99.0       0.040       0.173       3.042
    0.045     99.0       0.045       0.171       2.953
    0.050     99.0       0.050       0.170       2.992
    0.055     98.9       0.055       0.168       2.959
    0.060     98.8       0.060       0.166       2.955
    0.065     98.9       0.065       0.164       2.903
    0.070     98.5       0.069       0.162       2.963
    0.075     98.4       0.074       0.160       2.974
    0.080     98.3       0.079       0.158       2.951
    0.085     98.0       0.084       0.156       2.923
    0.090     97.6       0.089       0.154       2.915
    0.095     97.8       0.094       0.152       2.957
    0.100     97.8       0.099       0.150       2.942
    0.105     97.5       0.104       0.148       2.949
    0.110      0.0       0.055       0.168       2.893
 ---------------------------------------------------------
 
 Program concluded successfully.
