 *****************************************************
  VOLUME-YIELD ELASTICITY                 
 
  * version 3
  * simulaneous eveporation-yield in dry season
  * stochastic variable (Qa) generated in the program
                                                      
  RESERVOIR SEDIMENTATION AND WATER AVAILABILITY     
                                                      
  Departamento de Engenharia Hidraulica e Ambiental  
  Universidade Federal do Ceara                      
  Jose Carlos de Araujo, May 2004                    
 *****************************************************
 
 
 Input data 
 ---------------------------------------------------------
 Title: Varzea_do_Boi_2000  
 ---------------------------------------------------------
 Input file ..................................... vb2000.txt          
 Output file .................................... vb2000.out          
 Mean inflow discharge, hm3/a, ..................    44.38
 Coefficient of variation annual discharge ......     1.20
 Morphological alfa parameter ................... 47983.00
 Evaporation of the dry period, m/a, ............     1.39
 Maximum reservoir storage capacity, hm3, .......    46.10
 Minimum regular operational volume, hm3, .......     2.30
 Initial volume first trial, hm3, ...............    22.19
 Number of yield discharges steps, ..............    20
 Minimum yield discharge, hm3/a, ................     0.30
 Maximum yield discharge, hm3/a, ................    30.00
 Number of simulations in stochastic procedure ..  5000
 ---------------------------------------------------------
 
 Output data 
 ---------------------------------------------------------
 Qr (hm3/a)   G(%)   Qrm(hm3/a)   Qem(hm3/a)   Qsm(hm3/a) 
 ---------------------------------------------------------
    0.30     100.0       0.30       15.15       30.85
    1.79      99.2       1.78       14.49       28.06
    3.27      97.9       3.23       14.00       29.01
    4.76      96.0       4.66       13.50       27.76
    6.24      91.8       5.98       13.00       26.57
    7.72      88.6       7.27       12.38       25.22
    9.21      85.7       8.52       12.05       26.42
   10.69      81.3       9.67       11.35       24.23
   12.18      74.4      10.57       11.14       24.34
   13.66      68.7      11.44       10.66       23.14
   15.15      62.8      12.21       10.08       22.97
   16.64      59.0      13.09        9.66       21.46
   18.12      54.8      13.82        9.19       22.77
   19.60      53.0      14.74        8.85       22.29
   21.09      49.6      15.48        8.29       21.91
   22.58      46.8      16.14        7.73       21.24
   24.06      44.2      16.90        7.14       20.97
   25.55      43.0      17.82        6.73       21.53
   27.03      40.6      18.45        6.15       21.05
   28.51      38.8      19.17        5.59       21.15
   30.00      35.5      19.64        4.91       19.49
 ---------------------------------------------------------
 
 Program concluded successfully.
