 *****************************************************
  VOLUME-YIELD ELASTICITY                 
 
  * version 3
  * simulaneous eveporation-yield in dry season
  * stochastic variable (Qa) generated in the program
                                                      
  RESERVOIR SEDIMENTATION AND WATER AVAILABILITY     
                                                      
  Departamento de Engenharia Hidraulica e Ambiental  
  Universidade Federal do Ceara                      
  Jose Carlos de Araujo, May 2004                    
 *****************************************************
 
 
 Input data 
 ---------------------------------------------------------
 Title: Varzea_da_Volta_1919
 ---------------------------------------------------------
 Input file ..................................... vv1919.txt          
 Output file .................................... vv1919.out          
 Mean inflow discharge, hm3/a, ..................    46.13
 Coefficient of variation annual discharge ......     1.16
 Morphological alfa parameter ................... 11269.00
 Evaporation of the dry period, m/a, ............     1.15
 Maximum reservoir storage capacity, hm3, .......    12.50
 Minimum regular operational volume, hm3, .......     0.62
 Initial volume first trial, hm3, ...............     6.25
 Number of yield discharges steps, ..............    20
 Minimum yield discharge, hm3/a, ................     1.50
 Maximum yield discharge, hm3/a, ................     9.50
 Number of simulations in stochastic procedure ..  5000
 ---------------------------------------------------------
 
 Output data 
 ---------------------------------------------------------
 Qr (hm3/a)   G(%)   Qrm(hm3/a)   Qem(hm3/a)   Qsm(hm3/a) 
 ---------------------------------------------------------
    1.500     99.9       1.500       3.442      42.830
    1.900     99.8       1.898       3.366      40.592
    2.300     99.5       2.294       3.304      42.123
    2.700     98.9       2.685       3.231      41.525
    3.100     98.3       3.073       3.155      40.874
    3.500     97.6       3.458       3.080      39.855
    3.900     95.1       3.805       3.032      41.710
    4.300     91.9       4.125       2.961      39.733
    4.700     88.9       4.438       2.905      40.257
    5.100     87.8       4.787       2.845      39.221
    5.500     84.9       5.084       2.755      38.984
    5.900     82.9       5.394       2.682      37.722
    6.300     81.4       5.712       2.600      39.029
    6.700     80.4       6.033       2.515      38.918
    7.100     78.5       6.328       2.414      38.485
    7.500     76.3       6.595       2.292      37.723
    7.900     74.9       6.892       2.186      37.455
    8.300     74.7       7.240       2.052      38.298
    8.700     73.2       7.516       1.941      37.758
    9.100     71.7       7.791       1.849      37.814
    9.500      0.0       4.743       2.733      38.136
 ---------------------------------------------------------
 
 Program concluded successfully.
